<?xml version="1.0" encoding="UTF-8"?>
<testng-results ignored="0" total="1" passed="1" failed="0" skipped="0">
  <reporter-output>
    <line>
      <![CDATA[New Role with id 11 Created Sucessfully]]>
    </line>
  </reporter-output>
  <suite started-at="2024-02-03T23:32:16 IST" name="Default suite" finished-at="2024-02-03T23:32:49 IST" duration-ms="32838">
    <groups>
    </groups>
    <test started-at="2024-02-03T23:32:16 IST" name="Default test" finished-at="2024-02-03T23:32:49 IST" duration-ms="32838">
      <class name="jan31.Role_propertyfile">
        <test-method is-config="true" signature="setup()[pri:0, instance:jan31.Role_propertyfile@792b749c]" started-at="2024-02-03T23:32:16 IST" name="setup" finished-at="2024-02-03T23:32:28 IST" duration-ms="11693" status="PASS">
          <reporter-output>
          </reporter-output>
        </test-method> <!-- setup -->
        <test-method signature="starttest()[pri:0, instance:jan31.Role_propertyfile@792b749c]" started-at="2024-02-03T23:32:28 IST" name="starttest" finished-at="2024-02-03T23:32:49 IST" duration-ms="20262" status="PASS">
          <reporter-output>
            <line>
              <![CDATA[New Role with id 11 Created Sucessfully]]>
            </line>
          </reporter-output>
        </test-method> <!-- starttest -->
        <test-method is-config="true" signature="teardown()[pri:0, instance:jan31.Role_propertyfile@792b749c]" started-at="2024-02-03T23:32:49 IST" name="teardown" finished-at="2024-02-03T23:32:49 IST" duration-ms="775" status="PASS">
          <reporter-output>
          </reporter-output>
        </test-method> <!-- teardown -->
      </class> <!-- jan31.Role_propertyfile -->
    </test> <!-- Default test -->
  </suite> <!-- Default suite -->
</testng-results>
